[debug] [2018-10-25T15:42:18.348Z] ----------------------------------------------------------------------
[debug] [2018-10-25T15:42:18.352Z] Command:       C:\Program Files\nodejs\node.exe C:\Users\michal.twarowski\AppData\Roaming\npm\node_modules\firebase-tools\bin\firebase deploy --debug
[debug] [2018-10-25T15:42:18.352Z] CLI Version:   4.0.1
[debug] [2018-10-25T15:42:18.356Z] Platform:      win32
[debug] [2018-10-25T15:42:18.357Z] Node Version:  v8.11.4
[debug] [2018-10-25T15:42:18.358Z] Time:          Thu Oct 25 2018 16:42:18 GMT+0100 (GMT Daylight Time)
[debug] [2018-10-25T15:42:18.358Z] ----------------------------------------------------------------------
[debug] 
[debug] [2018-10-25T15:42:18.382Z] > command requires scopes: ["email","openid","https://www.googleapis.com/auth/cloudplatformprojects.readonly","https://www.googleapis.com/auth/firebase","https://www.googleapis.com/auth/cloud-platform"]
[debug] [2018-10-25T15:42:18.386Z] > authorizing via signed-in user
[debug] [2018-10-25T15:42:18.389Z] > refreshing access token with scopes: ["email","https://www.googleapis.com/auth/cloud-platform","https://www.googleapis.com/auth/cloudplatformprojects.readonly","https://www.googleapis.com/auth/firebase","openid"]
[debug] [2018-10-25T15:42:18.389Z] >>> HTTP REQUEST POST https://www.googleapis.com/oauth2/v3/token  
 { refresh_token: '1/1LgaWNnif1aKIosyyuQebfremAdTUdQQOYDl2OP6Yg8',
  client_id: '563584335869-fgrhgmd47bqnekij5i8b5pr03ho849e6.apps.googleusercontent.com',
  client_secret: 'j9iVZfS8kkCEFUPaAeJV0sAi',
  grant_type: 'refresh_token',
  scope: 'email https://www.googleapis.com/auth/cloud-platform https://www.googleapis.com/auth/cloudplatformprojects.readonly https://www.googleapis.com/auth/firebase openid' } 
 Thu Oct 25 2018 16:42:18 GMT+0100 (GMT Daylight Time)
[debug] [2018-10-25T15:42:18.559Z] <<< HTTP RESPONSE 200
[debug] [2018-10-25T15:42:18.602Z] >>> HTTP REQUEST GET https://admin.firebase.com/v1/projects/we-score  
  
 Thu Oct 25 2018 16:42:18 GMT+0100 (GMT Daylight Time)
[info] 
[warn] !  Your CLI authentication needs to be updated to take advantage of new features.
[warn] !  Please run firebase login --reauth
[info] 
[debug] [2018-10-25T15:42:19.062Z] > command requires scopes: ["email","openid","https://www.googleapis.com/auth/cloudplatformprojects.readonly","https://www.googleapis.com/auth/firebase"]
[debug] [2018-10-25T15:42:19.065Z] > authorizing via signed-in user
[debug] [2018-10-25T15:42:19.067Z] > refreshing access token with scopes: ["email","https://www.googleapis.com/auth/cloudplatformprojects.readonly","https://www.googleapis.com/auth/firebase","openid"]
[debug] [2018-10-25T15:42:19.067Z] >>> HTTP REQUEST POST https://www.googleapis.com/oauth2/v3/token  
 { refresh_token: '1/1LgaWNnif1aKIosyyuQebfremAdTUdQQOYDl2OP6Yg8',
  client_id: '563584335869-fgrhgmd47bqnekij5i8b5pr03ho849e6.apps.googleusercontent.com',
  client_secret: 'j9iVZfS8kkCEFUPaAeJV0sAi',
  grant_type: 'refresh_token',
  scope: 'email https://www.googleapis.com/auth/cloudplatformprojects.readonly https://www.googleapis.com/auth/firebase openid' } 
 Thu Oct 25 2018 16:42:19 GMT+0100 (GMT Daylight Time)
[debug] [2018-10-25T15:42:19.262Z] <<< HTTP RESPONSE 200
[debug] [2018-10-25T15:42:19.319Z] >>> HTTP REQUEST GET https://admin.firebase.com/v1/projects/we-score  
  
 Thu Oct 25 2018 16:42:19 GMT+0100 (GMT Daylight Time)
[debug] [2018-10-25T15:42:20.018Z] Error: unable to get local issuer certificate
    at TLSSocket.<anonymous> (_tls_wrap.js:1105:38)
    at emitNone (events.js:106:13)
    at TLSSocket.emit (events.js:208:7)
    at TLSSocket._finishInit (_tls_wrap.js:639:8)
    at TLSWrap.ssl.onhandshakedone (_tls_wrap.js:469:38)
[error] 
[error] Error: Server Error. unable to get local issuer certificate
